<?xml version="1.0" encoding="UTF-8" standalone="no"?><testsuite errors="1" failures="0" name="Registration" skipped="0" tests="1" time="12.71" timestamp="2025-06-07 08:19:28"><testcase name="user registration in izyAcademic and create category"><error message="Unexpected confirmEx dialog detected. Performed handler &quot;dismiss&quot;. Dialog text: La información que ha introducido en esta página se enviará a través de una conexión no segura y podría ser leída por terceros.&#10;&#10;¿Está seguro de que quiere enviar esta información?: La información que ha introducido en esta página se enviará a través de una conexión no segura y podría ser leída por terceros.&#10;&#10;¿Está seguro de que quiere enviar esta información?&#10;Build info: version: '4.12.1', revision: '8e34639b11'&#10;System info: os.name: 'Windows 11', os.arch: 'amd64', os.version: '10.0', java.version: '11.0.25'&#10;Driver info: org.openqa.selenium.firefox.FirefoxDriver&#10;Command: [8ef98f28-3fc8-4dd8-b8be-c439b9be25b1, findElements {using=xpath, value=//h4[@class='mb-3 fs-4 delay-elements']}]&#10;Capabilities {acceptInsecureCerts: false, browserName: firefox, browserVersion: 139.0.1, moz:accessibilityChecks: false, moz:buildID: 20250529122813, moz:geckodriverVersion: 0.36.0, moz:headless: false, moz:platformVersion: 10.0, moz:processID: 30252, moz:profile: C:\Users\taqui\AppData\Loca..., moz:shutdownTimeout: 60000, moz:webdriverClick: true, moz:windowless: false, pageLoadStrategy: normal, platformName: windows, proxy: Proxy(), setWindowRect: true, strictFileInteractability: false, timeouts: {implicit: 0, pageLoad: 300000, script: 30000}, unhandledPromptBehavior: dismiss and notify, userAgent: Mozilla/5.0 (Windows NT 10....}&#10;Session ID: 8ef98f28-3fc8-4dd8-b8be-c439b9be25b1" type="org.openqa.selenium.UnhandledAlertException">Unexpected confirmEx dialog detected. Performed handler "dismiss". Dialog text: La información que ha introducido en esta página se enviará a través de una conexión no segura y podría ser leída por terceros.

¿Está seguro de que quiere enviar esta información?: La información que ha introducido en esta página se enviará a través de una conexión no segura y podría ser leída por terceros.

¿Está seguro de que quiere enviar esta información?
Build info: version: '4.12.1', revision: '8e34639b11'
System info: os.name: 'Windows 11', os.arch: 'amd64', os.version: '10.0', java.version: '11.0.25'
Driver info: org.openqa.selenium.firefox.FirefoxDriver
Command: [8ef98f28-3fc8-4dd8-b8be-c439b9be25b1, findElements {using=xpath, value=//h4[@class='mb-3 fs-4 delay-elements']}]
Capabilities {acceptInsecureCerts: false, browserName: firefox, browserVersion: 139.0.1, moz:accessibilityChecks: false, moz:buildID: 20250529122813, moz:geckodriverVersion: 0.36.0, moz:headless: false, moz:platformVersion: 10.0, moz:processID: 30252, moz:profile: C:\Users\taqui\AppData\Loca..., moz:shutdownTimeout: 60000, moz:webdriverClick: true, moz:windowless: false, pageLoadStrategy: normal, platformName: windows, proxy: Proxy(), setWindowRect: true, strictFileInteractability: false, timeouts: {implicit: 0, pageLoad: 300000, script: 30000}, unhandledPromptBehavior: dismiss and notify, userAgent: Mozilla/5.0 (Windows NT 10....}
Session ID: 8ef98f28-3fc8-4dd8-b8be-c439b9be25b1</error><system-err>Unexpected confirmEx dialog detected. Performed handler "dismiss". Dialog text: La información que ha introducido en esta página se enviará a través de una conexión no segura y podría ser leída por terceros.

¿Está seguro de que quiere enviar esta información?: La información que ha introducido en esta página se enviará a través de una conexión no segura y podría ser leída por terceros.

¿Está seguro de que quiere enviar esta información?
Build info: version: '4.12.1', revision: '8e34639b11'
System info: os.name: 'Windows 11', os.arch: 'amd64', os.version: '10.0', java.version: '11.0.25'
Driver info: org.openqa.selenium.firefox.FirefoxDriver
Command: [8ef98f28-3fc8-4dd8-b8be-c439b9be25b1, findElements {using=xpath, value=//h4[@class='mb-3 fs-4 delay-elements']}]
Capabilities {acceptInsecureCerts: false, browserName: firefox, browserVersion: 139.0.1, moz:accessibilityChecks: false, moz:buildID: 20250529122813, moz:geckodriverVersion: 0.36.0, moz:headless: false, moz:platformVersion: 10.0, moz:processID: 30252, moz:profile: C:\Users\taqui\AppData\Loca..., moz:shutdownTimeout: 60000, moz:webdriverClick: true, moz:windowless: false, pageLoadStrategy: normal, platformName: windows, proxy: Proxy(), setWindowRect: true, strictFileInteractability: false, timeouts: {implicit: 0, pageLoad: 300000, script: 30000}, unhandledPromptBehavior: dismiss and notify, userAgent: Mozilla/5.0 (Windows NT 10....}
Session ID: 8ef98f28-3fc8-4dd8-b8be-c439b9be25b1&#13;
net.thucydides.core.webdriver.WebDriverFacade.findElements(WebDriverFacade.java:242)&#13;
com.co.Izyacademic.questions.ValidationUser.answeredBy(ValidationUser.java:13)&#13;
com.co.izyacademic.stepsdefinitions.RegistrationStepDefinition.userShouldBeRedirectedToTheMainPage(RegistrationStepDefinition.java:41)&#13;
io.cucumber.java.Invoker.doInvoke(Invoker.java:66)&#13;
io.cucumber.java.Invoker.invoke(Invoker.java:24)&#13;
io.cucumber.java.AbstractGlueDefinition.invokeMethod(AbstractGlueDefinition.java:47)&#13;
io.cucumber.java.JavaStepDefinition.execute(JavaStepDefinition.java:29)&#13;
io.cucumber.core.runner.CoreStepDefinition.execute(CoreStepDefinition.java:66)&#13;
io.cucumber.core.runner.PickleStepDefinitionMatch.runStep(PickleStepDefinitionMatch.java:63)&#13;
io.cucumber.core.runner.TestStep.executeStep(TestStep.java:84)&#13;
io.cucumber.core.runner.TestStep.run(TestStep.java:56)&#13;
io.cucumber.core.runner.PickleStepTestStep.run(PickleStepTestStep.java:51)&#13;
io.cucumber.core.runner.TestCase.run(TestCase.java:84)&#13;
io.cucumber.core.runner.Runner.runPickle(Runner.java:75)&#13;
io.cucumber.core.runtime.CucumberExecutionContext.lambda$runTestCase$5(CucumberExecutionContext.java:137)&#13;
io.cucumber.core.runtime.RethrowingThrowableCollector.executeAndThrow(RethrowingThrowableCollector.java:23)&#13;
io.cucumber.core.runtime.CucumberExecutionContext.runTestCase(CucumberExecutionContext.java:137)&#13;
io.cucumber.junit.FeatureRunner.runChild(FeatureRunner.java:144)&#13;
io.cucumber.junit.FeatureRunner.runChild(FeatureRunner.java:28)&#13;
io.cucumber.junit.FeatureRunner.run(FeatureRunner.java:137)&#13;
io.cucumber.junit.CucumberSerenityBaseRunner.runChild(CucumberSerenityBaseRunner.java:330)&#13;
io.cucumber.junit.CucumberSerenityBaseRunner.runChild(CucumberSerenityBaseRunner.java:51)&#13;
worker.org.gradle.process.internal.worker.GradleWorkerMain.run(GradleWorkerMain.java:69)&#13;
worker.org.gradle.process.internal.worker.GradleWorkerMain.main(GradleWorkerMain.java:74)&#13;
</system-err></testcase></testsuite>